<?xml version="1.0" encoding="UTF-8"?>
<testsuite xmlns:xsi="http://www.w3.org/2001/XMLSchema-instance" xsi:noNamespaceSchemaLocation="https://maven.apache.org/surefire/maven-surefire-plugin/xsd/surefire-test-report.xsd" version="3.0.1" name="runnerPackage.TestRunner" time="84.846" tests="14" errors="1" skipped="0" failures="0">
  <properties>
[...]
</properties>
  <testcase name="Successful login with valid credentials #1" classname="Login functionality" time="16.386">
    <error message="no such element: Unable to locate element: {&quot;method&quot;:&quot;xpath&quot;,&quot;selector&quot;:&quot;//a[text()=&apos;Edit your account information&apos;]&quot;}&#10;  (Session info: chrome=144.0.7559.133)&#10;For documentation on this error, please visit: https://www.selenium.dev/documentation/webdriver/troubleshooting/errors#no-such-element-exception&#10;Build info: version: &apos;4.16.1&apos;, revision: &apos;9b4c83354e&apos;&#10;System info: os.name: &apos;Windows 11&apos;, os.arch: &apos;amd64&apos;, os.version: &apos;10.0&apos;, java.version: &apos;17.0.9&apos;&#10;Driver info: org.openqa.selenium.chrome.ChromeDriver&#10;Command: [2db1c63909e2fca6fb22d4a50a028bea, findElement {using=xpath, value=//a[text()=&apos;Edit your account information&apos;]}]&#10;Capabilities {acceptInsecureCerts: false, browserName: chrome, browserVersion: 144.0.7559.133, chrome: {chromedriverVersion: 144.0.7559.133 (7da823b1d59..., userDataDir: C:\Users\Admin\AppData\Loca...}, fedcm:accounts: true, goog:chromeOptions: {debuggerAddress: localhost:58058}, goog:processID: 5640, networkConnectionEnabled: false, pageLoadStrategy: normal, platformName: windows, proxy: Proxy(), se:cdp: ws://localhost:58058/devtoo..., se:cdpVersion: 144.0.7559.133, setWindowRect: true, strictFileInteractability: false, timeouts: {implicit: 0, pageLoad: 300000, script: 30000}, unhandledPromptBehavior: dismiss and notify, webauthn:extension:credBlob: true, webauthn:extension:largeBlob: true, webauthn:extension:minPinLength: true, webauthn:extension:prf: true, webauthn:virtualAuthenticators: true}&#10;Session ID: 2db1c63909e2fca6fb22d4a50a028bea" type="org.openqa.selenium.NoSuchElementException"><![CDATA[org.openqa.selenium.NoSuchElementException: 
no such element: Unable to locate element: {"method":"xpath","selector":"//a[text()='Edit your account information']"}
  (Session info: chrome=144.0.7559.133)
For documentation on this error, please visit: https://www.selenium.dev/documentation/webdriver/troubleshooting/errors#no-such-element-exception
Build info: version: '4.16.1', revision: '9b4c83354e'
System info: os.name: 'Windows 11', os.arch: 'amd64', os.version: '10.0', java.version: '17.0.9'
Driver info: org.openqa.selenium.chrome.ChromeDriver
Command: [2db1c63909e2fca6fb22d4a50a028bea, findElement {using=xpath, value=//a[text()='Edit your account information']}]
Capabilities {acceptInsecureCerts: false, browserName: chrome, browserVersion: 144.0.7559.133, chrome: {chromedriverVersion: 144.0.7559.133 (7da823b1d59..., userDataDir: C:\Users\Admin\AppData\Loca...}, fedcm:accounts: true, goog:chromeOptions: {debuggerAddress: localhost:58058}, goog:processID: 5640, networkConnectionEnabled: false, pageLoadStrategy: normal, platformName: windows, proxy: Proxy(), se:cdp: ws://localhost:58058/devtoo..., se:cdpVersion: 144.0.7559.133, setWindowRect: true, strictFileInteractability: false, timeouts: {implicit: 0, pageLoad: 300000, script: 30000}, unhandledPromptBehavior: dismiss and notify, webauthn:extension:credBlob: true, webauthn:extension:largeBlob: true, webauthn:extension:minPinLength: true, webauthn:extension:prf: true, webauthn:virtualAuthenticators: true}
Session ID: 2db1c63909e2fca6fb22d4a50a028bea
	at java.base/jdk.internal.reflect.NativeConstructorAccessorImpl.newInstance0(Native Method)
	at java.base/jdk.internal.reflect.NativeConstructorAccessorImpl.newInstance(NativeConstructorAccessorImpl.java:77)
	at java.base/jdk.internal.reflect.DelegatingConstructorAccessorImpl.newInstance(DelegatingConstructorAccessorImpl.java:45)
	at java.base/java.lang.reflect.Constructor.newInstanceWithCaller(Constructor.java:499)
	at java.base/java.lang.reflect.Constructor.newInstance(Constructor.java:480)
	at org.openqa.selenium.remote.codec.w3c.W3CHttpResponseCodec.createException(W3CHttpResponseCodec.java:200)
	at org.openqa.selenium.remote.codec.w3c.W3CHttpResponseCodec.decode(W3CHttpResponseCodec.java:133)
	at org.openqa.selenium.remote.codec.w3c.W3CHttpResponseCodec.decode(W3CHttpResponseCodec.java:52)
	at org.openqa.selenium.remote.HttpCommandExecutor.execute(HttpCommandExecutor.java:191)
	at org.openqa.selenium.remote.service.DriverCommandExecutor.invokeExecute(DriverCommandExecutor.java:200)
	at org.openqa.selenium.remote.service.DriverCommandExecutor.execute(DriverCommandExecutor.java:175)
	at org.openqa.selenium.remote.RemoteWebDriver.execute(RemoteWebDriver.java:523)
	at org.openqa.selenium.remote.ElementLocation$ElementFinder$2.findElement(ElementLocation.java:165)
	at org.openqa.selenium.remote.ElementLocation.findElement(ElementLocation.java:59)
	at org.openqa.selenium.remote.RemoteWebDriver.findElement(RemoteWebDriver.java:360)
	at org.openqa.selenium.remote.RemoteWebDriver.findElement(RemoteWebDriver.java:354)
	at org.openqa.selenium.support.pagefactory.DefaultElementLocator.findElement(DefaultElementLocator.java:68)
	at org.openqa.selenium.support.pagefactory.internal.LocatingElementHandler.invoke(LocatingElementHandler.java:38)
	at jdk.proxy2/jdk.proxy2.$Proxy22.isDisplayed(Unknown Source)
	at pages.AccountPage.displatStatusOfEditAccountInfo(AccountPage.java:22)
	at stepDefinitions.LoginStepDefinitions.user_should_be_logged_in_successfully(LoginStepDefinitions.java:60)
	at ✽.User should be logged in successfully(file:///C:/CucubberBDDFrameWorkHybrid/TutorialNinjaProjectWithCucumber/src/test/resourcess/features/Login.feature:8)
]]></error>
    <system-out><![CDATA[
Scenario Outline: Successful login with valid credentials               &amp#27;[90m# src/test/resourcess/features/Login.feature:11&amp#27;[0m
  &amp#27;[32mGiven &amp#27;[0m&amp#27;[32mUser is on Login page&amp#27;[0m                                           &amp#27;[90m# stepDefinitions.LoginStepDefinitions.user_is_on_login_page()&amp#27;[0m
  &amp#27;[32mWhen &amp#27;[0m&amp#27;[32mUser enters valid email address &amp#27;[0m&amp#27;[32m&amp#27;[1mbodasinghisuresh@gmail.com&amp#27;[0m&amp#27;[32m field&amp#27;[0m &amp#27;[90m# stepDefinitions.LoginStepDefinitions.user_enters_valid_email_address_field(java.lang.String)&amp#27;[0m
  &amp#27;[32mAnd &amp#27;[0m&amp#27;[32mUser enters password &amp#27;[0m&amp#27;[32m&amp#27;[1m9550362600&amp#27;[0m&amp#27;[32m field&amp#27;[0m                             &amp#27;[90m# stepDefinitions.LoginStepDefinitions.user_enters_password_field(java.lang.String)&amp#27;[0m
  &amp#27;[32mAnd &amp#27;[0m&amp#27;[32mUser clicks on Login button&amp#27;[0m                                       &amp#27;[90m# stepDefinitions.LoginStepDefinitions.user_clicks_on_login_button()&amp#27;[0m
  &amp#27;[31mThen &amp#27;[0m&amp#27;[31mUser should be logged in successfully&amp#27;[0m                            &amp#27;[90m# stepDefinitions.LoginStepDefinitions.user_should_be_logged_in_successfully()&amp#27;[0m
      &amp#27;[31morg.openqa.selenium.NoSuchElementException: no such element: Unable to locate element: {"method":"xpath","selector":"//a[text()='Edit your account information']"}
  (Session info: chrome=144.0.7559.133)
For documentation on this error, please visit: https://www.selenium.dev/documentation/webdriver/troubleshooting/errors#no-such-element-exception
Build info: version: '4.16.1', revision: '9b4c83354e'
System info: os.name: 'Windows 11', os.arch: 'amd64', os.version: '10.0', java.version: '17.0.9'
Driver info: org.openqa.selenium.chrome.ChromeDriver
Command: [2db1c63909e2fca6fb22d4a50a028bea, findElement {using=xpath, value=//a[text()='Edit your account information']}]
Capabilities {acceptInsecureCerts: false, browserName: chrome, browserVersion: 144.0.7559.133, chrome: {chromedriverVersion: 144.0.7559.133 (7da823b1d59..., userDataDir: C:\Users\Admin\AppData\Loca...}, fedcm:accounts: true, goog:chromeOptions: {debuggerAddress: localhost:58058}, goog:processID: 5640, networkConnectionEnabled: false, pageLoadStrategy: normal, platformName: windows, proxy: Proxy(), se:cdp: ws://localhost:58058/devtoo..., se:cdpVersion: 144.0.7559.133, setWindowRect: true, strictFileInteractability: false, timeouts: {implicit: 0, pageLoad: 300000, script: 30000}, unhandledPromptBehavior: dismiss and notify, webauthn:extension:credBlob: true, webauthn:extension:largeBlob: true, webauthn:extension:minPinLength: true, webauthn:extension:prf: true, webauthn:virtualAuthenticators: true}
Session ID: 2db1c63909e2fca6fb22d4a50a028bea
	at java.base/jdk.internal.reflect.NativeConstructorAccessorImpl.newInstance0(Native Method)
	at java.base/jdk.internal.reflect.NativeConstructorAccessorImpl.newInstance(NativeConstructorAccessorImpl.java:77)
	at java.base/jdk.internal.reflect.DelegatingConstructorAccessorImpl.newInstance(DelegatingConstructorAccessorImpl.java:45)
	at java.base/java.lang.reflect.Constructor.newInstanceWithCaller(Constructor.java:499)
	at java.base/java.lang.reflect.Constructor.newInstance(Constructor.java:480)
	at org.openqa.selenium.remote.codec.w3c.W3CHttpResponseCodec.createException(W3CHttpResponseCodec.java:200)
	at org.openqa.selenium.remote.codec.w3c.W3CHttpResponseCodec.decode(W3CHttpResponseCodec.java:133)
	at org.openqa.selenium.remote.codec.w3c.W3CHttpResponseCodec.decode(W3CHttpResponseCodec.java:52)
	at org.openqa.selenium.remote.HttpCommandExecutor.execute(HttpCommandExecutor.java:191)
	at org.openqa.selenium.remote.service.DriverCommandExecutor.invokeExecute(DriverCommandExecutor.java:200)
	at org.openqa.selenium.remote.service.DriverCommandExecutor.execute(DriverCommandExecutor.java:175)
	at org.openqa.selenium.remote.RemoteWebDriver.execute(RemoteWebDriver.java:523)
	at org.openqa.selenium.remote.ElementLocation$ElementFinder$2.findElement(ElementLocation.java:165)
	at org.openqa.selenium.remote.ElementLocation.findElement(ElementLocation.java:59)
	at org.openqa.selenium.remote.RemoteWebDriver.findElement(RemoteWebDriver.java:360)
	at org.openqa.selenium.remote.RemoteWebDriver.findElement(RemoteWebDriver.java:354)
	at org.openqa.selenium.support.pagefactory.DefaultElementLocator.findElement(DefaultElementLocator.java:68)
	at org.openqa.selenium.support.pagefactory.internal.LocatingElementHandler.invoke(LocatingElementHandler.java:38)
	at jdk.proxy2/jdk.proxy2.$Proxy22.isDisplayed(Unknown Source)
	at pages.AccountPage.displatStatusOfEditAccountInfo(AccountPage.java:22)
	at stepDefinitions.LoginStepDefinitions.user_should_be_logged_in_successfully(LoginStepDefinitions.java:60)
	at âœ½.User should be logged in successfully(file:///C:/CucubberBDDFrameWorkHybrid/TutorialNinjaProjectWithCucumber/src/test/resourcess/features/Login.feature:8)
&amp#27;[0m
]]></system-out>
    <system-err><![CDATA[Feb 16, 2026 8:20:19 PM org.openqa.selenium.devtools.CdpVersionFinder findNearestMatch
WARNING: Unable to find CDP implementation matching 144
Feb 16, 2026 8:20:19 PM org.openqa.selenium.chromium.ChromiumDriver lambda$new$5
WARNING: Unable to find version of CDP to use for 144.0.7559.133. You may need to include a dependency on a specific version of the CDP using something similar to `org.seleniumhq.selenium:selenium-devtools-v86:4.16.1` where the version ("v86") matches the version of the chromium-based browser you're using and the version number of the artifact is the same as Selenium's.
]]></system-err>
  </testcase>
  <testcase name="Successful login with valid credentials #2" classname="Login functionality" time="5.043">
    <system-out><![CDATA[
Scenario Outline: Successful login with valid credentials                  &amp#27;[90m# src/test/resourcess/features/Login.feature:12&amp#27;[0m
  &amp#27;[32mGiven &amp#27;[0m&amp#27;[32mUser is on Login page&amp#27;[0m                                              &amp#27;[90m# stepDefinitions.LoginStepDefinitions.user_is_on_login_page()&amp#27;[0m
  &amp#27;[32mWhen &amp#27;[0m&amp#27;[32mUser enters valid email address &amp#27;[0m&amp#27;[32m&amp#27;[1mbodasinghisuresh123@gmail.com&amp#27;[0m&amp#27;[32m field&amp#27;[0m &amp#27;[90m# stepDefinitions.LoginStepDefinitions.user_enters_valid_email_address_field(java.lang.String)&amp#27;[0m
  &amp#27;[32mAnd &amp#27;[0m&amp#27;[32mUser enters password &amp#27;[0m&amp#27;[32m&amp#27;[1m9550362600&amp#27;[0m&amp#27;[32m field&amp#27;[0m                                &amp#27;[90m# stepDefinitions.LoginStepDefinitions.user_enters_password_field(java.lang.String)&amp#27;[0m
  &amp#27;[32mAnd &amp#27;[0m&amp#27;[32mUser clicks on Login button&amp#27;[0m                                          &amp#27;[90m# stepDefinitions.LoginStepDefinitions.user_clicks_on_login_button()&amp#27;[0m
  &amp#27;[32mThen &amp#27;[0m&amp#27;[32mUser should be logged in successfully&amp#27;[0m                               &amp#27;[90m# stepDefinitions.LoginStepDefinitions.user_should_be_logged_in_successfully()&amp#27;[0m
]]></system-out>
    <system-err><![CDATA[Feb 16, 2026 8:20:35 PM org.openqa.selenium.devtools.CdpVersionFinder findNearestMatch
WARNING: Unable to find CDP implementation matching 144
Feb 16, 2026 8:20:35 PM org.openqa.selenium.chromium.ChromiumDriver lambda$new$5
WARNING: Unable to find version of CDP to use for 144.0.7559.133. You may need to include a dependency on a specific version of the CDP using something similar to `org.seleniumhq.selenium:selenium-devtools-v86:4.16.1` where the version ("v86") matches the version of the chromium-based browser you're using and the version number of the artifact is the same as Selenium's.
]]></system-err>
  </testcase>
  <testcase name="Successful login with valid credentials #3" classname="Login functionality" time="5.14">
    <system-out><![CDATA[
Scenario Outline: Successful login with valid credentials                   &amp#27;[90m# src/test/resourcess/features/Login.feature:13&amp#27;[0m
  &amp#27;[32mGiven &amp#27;[0m&amp#27;[32mUser is on Login page&amp#27;[0m                                               &amp#27;[90m# stepDefinitions.LoginStepDefinitions.user_is_on_login_page()&amp#27;[0m
  &amp#27;[32mWhen &amp#27;[0m&amp#27;[32mUser enters valid email address &amp#27;[0m&amp#27;[32m&amp#27;[1mbodasinghisuresh1234@gmail.com&amp#27;[0m&amp#27;[32m field&amp#27;[0m &amp#27;[90m# stepDefinitions.LoginStepDefinitions.user_enters_valid_email_address_field(java.lang.String)&amp#27;[0m
  &amp#27;[32mAnd &amp#27;[0m&amp#27;[32mUser enters password &amp#27;[0m&amp#27;[32m&amp#27;[1m9550362600&amp#27;[0m&amp#27;[32m field&amp#27;[0m                                 &amp#27;[90m# stepDefinitions.LoginStepDefinitions.user_enters_password_field(java.lang.String)&amp#27;[0m
  &amp#27;[32mAnd &amp#27;[0m&amp#27;[32mUser clicks on Login button&amp#27;[0m                                           &amp#27;[90m# stepDefinitions.LoginStepDefinitions.user_clicks_on_login_button()&amp#27;[0m
  &amp#27;[32mThen &amp#27;[0m&amp#27;[32mUser should be logged in successfully&amp#27;[0m                                &amp#27;[90m# stepDefinitions.LoginStepDefinitions.user_should_be_logged_in_successfully()&amp#27;[0m
]]></system-out>
    <system-err><![CDATA[Feb 16, 2026 8:20:40 PM org.openqa.selenium.devtools.CdpVersionFinder findNearestMatch
WARNING: Unable to find CDP implementation matching 144
Feb 16, 2026 8:20:40 PM org.openqa.selenium.chromium.ChromiumDriver lambda$new$5
WARNING: Unable to find version of CDP to use for 144.0.7559.133. You may need to include a dependency on a specific version of the CDP using something similar to `org.seleniumhq.selenium:selenium-devtools-v86:4.16.1` where the version ("v86") matches the version of the chromium-based browser you're using and the version number of the artifact is the same as Selenium's.
]]></system-err>
  </testcase>
  <testcase name="Login with invalid password" classname="Login functionality" time="4.907">
    <system-out><![CDATA[
Scenario: Login with invalid password     &amp#27;[90m# src/test/resourcess/features/Login.feature:16&amp#27;[0m
  &amp#27;[32mGiven &amp#27;[0m&amp#27;[32mUser is on Login page&amp#27;[0m             &amp#27;[90m# stepDefinitions.LoginStepDefinitions.user_is_on_login_page()&amp#27;[0m
  &amp#27;[32mWhen &amp#27;[0m&amp#27;[32mUser enters username &amp#27;[0m&amp#27;[32m&amp#27;[1m"ndsnksnksnd"&amp#27;[0m &amp#27;[90m# stepDefinitions.LoginStepDefinitions.user_enters_username(java.lang.String)&amp#27;[0m
  &amp#27;[32mAnd &amp#27;[0m&amp#27;[32mUser enters password &amp#27;[0m&amp#27;[32m&amp#27;[1m"kssdsjdksj"&amp#27;[0m   &amp#27;[90m# stepDefinitions.LoginStepDefinitions.user_enters_password(java.lang.String)&amp#27;[0m
  &amp#27;[32mAnd &amp#27;[0m&amp#27;[32mUser clicks on Login button&amp#27;[0m         &amp#27;[90m# stepDefinitions.LoginStepDefinitions.user_clicks_on_login_button()&amp#27;[0m
  &amp#27;[32mThen &amp#27;[0m&amp#27;[32mError message should be displayed&amp#27;[0m  &amp#27;[90m# stepDefinitions.LoginStepDefinitions.error_message_should_be_displayed()&amp#27;[0m
]]></system-out>
    <system-err><![CDATA[Feb 16, 2026 8:20:45 PM org.openqa.selenium.devtools.CdpVersionFinder findNearestMatch
WARNING: Unable to find CDP implementation matching 144
Feb 16, 2026 8:20:45 PM org.openqa.selenium.chromium.ChromiumDriver lambda$new$5
WARNING: Unable to find version of CDP to use for 144.0.7559.133. You may need to include a dependency on a specific version of the CDP using something similar to `org.seleniumhq.selenium:selenium-devtools-v86:4.16.1` where the version ("v86") matches the version of the chromium-based browser you're using and the version number of the artifact is the same as Selenium's.
]]></system-err>
  </testcase>
  <testcase name="Login with invalid username" classname="Login functionality" time="4.763">
    <system-out><![CDATA[
Scenario: Login with invalid username    &amp#27;[90m# src/test/resourcess/features/Login.feature:23&amp#27;[0m
  &amp#27;[32mGiven &amp#27;[0m&amp#27;[32mUser is on Login page&amp#27;[0m            &amp#27;[90m# stepDefinitions.LoginStepDefinitions.user_is_on_login_page()&amp#27;[0m
  &amp#27;[32mWhen &amp#27;[0m&amp#27;[32mUser enters username &amp#27;[0m&amp#27;[32m&amp#27;[1m"kksmsmdsmd"&amp#27;[0m &amp#27;[90m# stepDefinitions.LoginStepDefinitions.user_enters_username(java.lang.String)&amp#27;[0m
  &amp#27;[32mAnd &amp#27;[0m&amp#27;[32mUser enters password &amp#27;[0m&amp#27;[32m&amp#27;[1m"kcskksskj"&amp#27;[0m   &amp#27;[90m# stepDefinitions.LoginStepDefinitions.user_enters_password(java.lang.String)&amp#27;[0m
  &amp#27;[32mAnd &amp#27;[0m&amp#27;[32mUser clicks on Login button&amp#27;[0m        &amp#27;[90m# stepDefinitions.LoginStepDefinitions.user_clicks_on_login_button()&amp#27;[0m
  &amp#27;[32mThen &amp#27;[0m&amp#27;[32mError message should be displayed&amp#27;[0m &amp#27;[90m# stepDefinitions.LoginStepDefinitions.error_message_should_be_displayed()&amp#27;[0m
]]></system-out>
    <system-err><![CDATA[Feb 16, 2026 8:20:50 PM org.openqa.selenium.devtools.CdpVersionFinder findNearestMatch
WARNING: Unable to find CDP implementation matching 144
Feb 16, 2026 8:20:50 PM org.openqa.selenium.chromium.ChromiumDriver lambda$new$5
WARNING: Unable to find version of CDP to use for 144.0.7559.133. You may need to include a dependency on a specific version of the CDP using something similar to `org.seleniumhq.selenium:selenium-devtools-v86:4.16.1` where the version ("v86") matches the version of the chromium-based browser you're using and the version number of the artifact is the same as Selenium's.
]]></system-err>
  </testcase>
  <testcase name="Login with empty username" classname="Login functionality" time="5.237">
    <system-out><![CDATA[
Scenario: Login with empty username      &amp#27;[90m# src/test/resourcess/features/Login.feature:30&amp#27;[0m
  &amp#27;[32mGiven &amp#27;[0m&amp#27;[32mUser is on Login page&amp#27;[0m            &amp#27;[90m# stepDefinitions.LoginStepDefinitions.user_is_on_login_page()&amp#27;[0m
  &amp#27;[32mWhen &amp#27;[0m&amp#27;[32mUser enters username &amp#27;[0m&amp#27;[32m&amp#27;[1m""&amp#27;[0m           &amp#27;[90m# stepDefinitions.LoginStepDefinitions.user_enters_username(java.lang.String)&amp#27;[0m
  &amp#27;[32mAnd &amp#27;[0m&amp#27;[32mUser enters password &amp#27;[0m&amp#27;[32m&amp#27;[1m"kkskxkxk"&amp#27;[0m    &amp#27;[90m# stepDefinitions.LoginStepDefinitions.user_enters_password(java.lang.String)&amp#27;[0m
  &amp#27;[32mAnd &amp#27;[0m&amp#27;[32mUser clicks on Login button&amp#27;[0m        &amp#27;[90m# stepDefinitions.LoginStepDefinitions.user_clicks_on_login_button()&amp#27;[0m
  &amp#27;[32mThen &amp#27;[0m&amp#27;[32mError message should be displayed&amp#27;[0m &amp#27;[90m# stepDefinitions.LoginStepDefinitions.error_message_should_be_displayed()&amp#27;[0m
]]></system-out>
    <system-err><![CDATA[Feb 16, 2026 8:20:55 PM org.openqa.selenium.devtools.CdpVersionFinder findNearestMatch
WARNING: Unable to find CDP implementation matching 144
Feb 16, 2026 8:20:55 PM org.openqa.selenium.chromium.ChromiumDriver lambda$new$5
WARNING: Unable to find version of CDP to use for 144.0.7559.133. You may need to include a dependency on a specific version of the CDP using something similar to `org.seleniumhq.selenium:selenium-devtools-v86:4.16.1` where the version ("v86") matches the version of the chromium-based browser you're using and the version number of the artifact is the same as Selenium's.
]]></system-err>
  </testcase>
  <testcase name="Login with empty password" classname="Login functionality" time="4.814">
    <system-out><![CDATA[
Scenario: Login with empty password      &amp#27;[90m# src/test/resourcess/features/Login.feature:37&amp#27;[0m
  &amp#27;[32mGiven &amp#27;[0m&amp#27;[32mUser is on Login page&amp#27;[0m            &amp#27;[90m# stepDefinitions.LoginStepDefinitions.user_is_on_login_page()&amp#27;[0m
  &amp#27;[32mWhen &amp#27;[0m&amp#27;[32mUser enters username &amp#27;[0m&amp#27;[32m&amp#27;[1m"isxjisjxaj"&amp#27;[0m &amp#27;[90m# stepDefinitions.LoginStepDefinitions.user_enters_username(java.lang.String)&amp#27;[0m
  &amp#27;[32mAnd &amp#27;[0m&amp#27;[32mUser enters password &amp#27;[0m&amp#27;[32m&amp#27;[1m""&amp#27;[0m            &amp#27;[90m# stepDefinitions.LoginStepDefinitions.user_enters_password(java.lang.String)&amp#27;[0m
  &amp#27;[32mAnd &amp#27;[0m&amp#27;[32mUser clicks on Login button&amp#27;[0m        &amp#27;[90m# stepDefinitions.LoginStepDefinitions.user_clicks_on_login_button()&amp#27;[0m
  &amp#27;[32mThen &amp#27;[0m&amp#27;[32mError message should be displayed&amp#27;[0m &amp#27;[90m# stepDefinitions.LoginStepDefinitions.error_message_should_be_displayed()&amp#27;[0m
]]></system-out>
    <system-err><![CDATA[Feb 16, 2026 8:21:00 PM org.openqa.selenium.devtools.CdpVersionFinder findNearestMatch
WARNING: Unable to find CDP implementation matching 144
Feb 16, 2026 8:21:00 PM org.openqa.selenium.chromium.ChromiumDriver lambda$new$5
WARNING: Unable to find version of CDP to use for 144.0.7559.133. You may need to include a dependency on a specific version of the CDP using something similar to `org.seleniumhq.selenium:selenium-devtools-v86:4.16.1` where the version ("v86") matches the version of the chromium-based browser you're using and the version number of the artifact is the same as Selenium's.
]]></system-err>
  </testcase>
  <testcase name="Successful registration with valid details" classname="Registration functionality" time="5.345">
    <system-out><![CDATA[
Scenario: Successful registration with valid details &amp#27;[90m# src/test/resourcess/features/Register.feature:4&amp#27;[0m
  &amp#27;[32mGiven &amp#27;[0m&amp#27;[32mUser is on Registration page&amp#27;[0m                 &amp#27;[90m# stepDefinitions.RegistrationStepDefinitions.user_is_on_registration_page()&amp#27;[0m
  &amp#27;[32mWhen &amp#27;[0m&amp#27;[32mUser enters the details into below fields&amp#27;[0m     &amp#27;[90m# stepDefinitions.RegistrationStepDefinitions.user_enters_the_details_into_below_fields(io.cucumber.datatable.DataTable)&amp#27;[0m
    | FirstName | Test             |
    | lastName  | Engineer         |
    | email     | suresh@gmail.com |
    | Telephone | 123456789        |
    | password  | 123456789        |
  &amp#27;[32mAnd &amp#27;[0m&amp#27;[32mUser selects privacy policy&amp#27;[0m                    &amp#27;[90m# stepDefinitions.RegistrationStepDefinitions.user_selects_privacy_policy()&amp#27;[0m
  &amp#27;[32mAnd &amp#27;[0m&amp#27;[32mUser clicks on Coutinue button&amp#27;[0m                 &amp#27;[90m# stepDefinitions.RegistrationStepDefinitions.user_clicks_on_coutinue_button()&amp#27;[0m
  &amp#27;[32mThen &amp#27;[0m&amp#27;[32mRegistration should be successful&amp#27;[0m             &amp#27;[90m# stepDefinitions.RegistrationStepDefinitions.registration_should_be_successful()&amp#27;[0m
]]></system-out>
    <system-err><![CDATA[Feb 16, 2026 8:21:05 PM org.openqa.selenium.devtools.CdpVersionFinder findNearestMatch
WARNING: Unable to find CDP implementation matching 144
Feb 16, 2026 8:21:05 PM org.openqa.selenium.chromium.ChromiumDriver lambda$new$5
WARNING: Unable to find version of CDP to use for 144.0.7559.133. You may need to include a dependency on a specific version of the CDP using something similar to `org.seleniumhq.selenium:selenium-devtools-v86:4.16.1` where the version ("v86") matches the version of the chromium-based browser you're using and the version number of the artifact is the same as Selenium's.
]]></system-err>
  </testcase>
  <testcase name="Successful registration with Full valid details" classname="Registration functionality" time="5.774">
    <system-out><![CDATA[
Scenario: Successful registration with Full valid details &amp#27;[90m# src/test/resourcess/features/Register.feature:17&amp#27;[0m
  &amp#27;[32mGiven &amp#27;[0m&amp#27;[32mUser is on Registration page&amp#27;[0m                      &amp#27;[90m# stepDefinitions.RegistrationStepDefinitions.user_is_on_registration_page()&amp#27;[0m
  &amp#27;[32mWhen &amp#27;[0m&amp#27;[32mUser enters the details into below fields&amp#27;[0m          &amp#27;[90m# stepDefinitions.RegistrationStepDefinitions.user_enters_the_details_into_below_fields(io.cucumber.datatable.DataTable)&amp#27;[0m
    | FirstName | Test             |
    | lastName  | Engineer         |
    | email     | suresh@gmail.com |
    | Telephone | 123456789        |
    | password  | 123456789        |
  &amp#27;[32mAnd &amp#27;[0m&amp#27;[32mUser selects Yes for news letter&amp#27;[0m                    &amp#27;[90m# stepDefinitions.RegistrationStepDefinitions.user_selects_yes_for_news_letter()&amp#27;[0m
  &amp#27;[32mAnd &amp#27;[0m&amp#27;[32mUser selects privacy policy&amp#27;[0m                         &amp#27;[90m# stepDefinitions.RegistrationStepDefinitions.user_selects_privacy_policy()&amp#27;[0m
  &amp#27;[32mAnd &amp#27;[0m&amp#27;[32mUser clicks on Coutinue button&amp#27;[0m                      &amp#27;[90m# stepDefinitions.RegistrationStepDefinitions.user_clicks_on_coutinue_button()&amp#27;[0m
  &amp#27;[32mThen &amp#27;[0m&amp#27;[32mRegistration should be successful&amp#27;[0m                  &amp#27;[90m# stepDefinitions.RegistrationStepDefinitions.registration_should_be_successful()&amp#27;[0m
]]></system-out>
    <system-err><![CDATA[Feb 16, 2026 8:21:10 PM org.openqa.selenium.devtools.CdpVersionFinder findNearestMatch
WARNING: Unable to find CDP implementation matching 144
Feb 16, 2026 8:21:10 PM org.openqa.selenium.chromium.ChromiumDriver lambda$new$5
WARNING: Unable to find version of CDP to use for 144.0.7559.133. You may need to include a dependency on a specific version of the CDP using something similar to `org.seleniumhq.selenium:selenium-devtools-v86:4.16.1` where the version ("v86") matches the version of the chromium-based browser you're using and the version number of the artifact is the same as Selenium's.
]]></system-err>
  </testcase>
  <testcase name="User creates a duplicate account" classname="Registration functionality" time="5.825">
    <system-out><![CDATA[
Scenario: User creates a duplicate account                 &amp#27;[90m# src/test/resourcess/features/Register.feature:30&amp#27;[0m
  &amp#27;[32mGiven &amp#27;[0m&amp#27;[32mUser is on Registration page&amp#27;[0m                       &amp#27;[90m# stepDefinitions.RegistrationStepDefinitions.user_is_on_registration_page()&amp#27;[0m
  &amp#27;[32mWhen &amp#27;[0m&amp#27;[32mUser enters the duplecate details into below fields&amp#27;[0m &amp#27;[90m# stepDefinitions.RegistrationStepDefinitions.user_enters_the_duplecate_details_into_below_fields(io.cucumber.datatable.DataTable)&amp#27;[0m
    | FirstName | Test             |
    | lastName  | Engineer         |
    | email     | suresh@gmail.com |
    | Telephone | 123456789        |
    | password  | 123456789        |
  &amp#27;[32mAnd &amp#27;[0m&amp#27;[32mUser selects Yes for news letter&amp#27;[0m                     &amp#27;[90m# stepDefinitions.RegistrationStepDefinitions.user_selects_yes_for_news_letter()&amp#27;[0m
  &amp#27;[32mAnd &amp#27;[0m&amp#27;[32mUser selects privacy policy&amp#27;[0m                          &amp#27;[90m# stepDefinitions.RegistrationStepDefinitions.user_selects_privacy_policy()&amp#27;[0m
  &amp#27;[32mAnd &amp#27;[0m&amp#27;[32mUser clicks on Coutinue button&amp#27;[0m                       &amp#27;[90m# stepDefinitions.RegistrationStepDefinitions.user_clicks_on_coutinue_button()&amp#27;[0m
  &amp#27;[32mThen &amp#27;[0m&amp#27;[32mUser should get a proper duplicate worning message&amp#27;[0m  &amp#27;[90m# stepDefinitions.RegistrationStepDefinitions.user_should_get_duplicate_warning_message()&amp#27;[0m
]]></system-out>
    <system-err><![CDATA[Feb 16, 2026 8:21:16 PM org.openqa.selenium.devtools.CdpVersionFinder findNearestMatch
WARNING: Unable to find CDP implementation matching 144
Feb 16, 2026 8:21:16 PM org.openqa.selenium.chromium.ChromiumDriver lambda$new$5
WARNING: Unable to find version of CDP to use for 144.0.7559.133. You may need to include a dependency on a specific version of the CDP using something similar to `org.seleniumhq.selenium:selenium-devtools-v86:4.16.1` where the version ("v86") matches the version of the chromium-based browser you're using and the version number of the artifact is the same as Selenium's.
]]></system-err>
  </testcase>
  <testcase name="User creates an account without filing any details" classname="Registration functionality" time="5.256">
    <system-out><![CDATA[
Scenario: User creates an account without filing any details              &amp#27;[90m# src/test/resourcess/features/Register.feature:43&amp#27;[0m
  &amp#27;[32mGiven &amp#27;[0m&amp#27;[32mUser is on Registration page&amp#27;[0m                                      &amp#27;[90m# stepDefinitions.RegistrationStepDefinitions.user_is_on_registration_page()&amp#27;[0m
  &amp#27;[32mWhen &amp#27;[0m&amp#27;[32mUser dont enter any details into fields&amp#27;[0m                            &amp#27;[90m# stepDefinitions.RegistrationStepDefinitions.user_dont_enter_any_details_into_fields()&amp#27;[0m
  &amp#27;[32mAnd &amp#27;[0m&amp#27;[32mUser clicks on Coutinue button&amp#27;[0m                                      &amp#27;[90m# stepDefinitions.RegistrationStepDefinitions.user_clicks_on_coutinue_button()&amp#27;[0m
  &amp#27;[32mThen &amp#27;[0m&amp#27;[32mUser should get a proper worning message for every mandatory field&amp#27;[0m &amp#27;[90m# stepDefinitions.RegistrationStepDefinitions.user_should_get_warning_message_for_every_mandatory_field()&amp#27;[0m
]]></system-out>
    <system-err><![CDATA[Feb 16, 2026 8:21:22 PM org.openqa.selenium.devtools.CdpVersionFinder findNearestMatch
WARNING: Unable to find CDP implementation matching 144
Feb 16, 2026 8:21:22 PM org.openqa.selenium.chromium.ChromiumDriver lambda$new$5
WARNING: Unable to find version of CDP to use for 144.0.7559.133. You may need to include a dependency on a specific version of the CDP using something similar to `org.seleniumhq.selenium:selenium-devtools-v86:4.16.1` where the version ("v86") matches the version of the chromium-based browser you're using and the version number of the artifact is the same as Selenium's.
]]></system-err>
  </testcase>
  <testcase name="Search with valid keyword" classname="Search functionality" time="4.641">
    <system-out><![CDATA[
Scenario: Search with valid keyword         &amp#27;[90m# src/test/resourcess/features/Search.feature:3&amp#27;[0m
  &amp#27;[32mGiven &amp#27;[0m&amp#27;[32mUser is on the Home page&amp#27;[0m            &amp#27;[90m# stepDefinitions.SearchStepDefinitions.user_is_on_the_home_page()&amp#27;[0m
  &amp#27;[32mWhen &amp#27;[0m&amp#27;[32mUser enters search keyword &amp#27;[0m&amp#27;[32m&amp#27;[1m"hp"&amp#27;[0m      &amp#27;[90m# stepDefinitions.SearchStepDefinitions.user_enters_search_keyword(java.lang.String)&amp#27;[0m
  &amp#27;[32mAnd &amp#27;[0m&amp#27;[32mUser clicks on Search button&amp#27;[0m          &amp#27;[90m# stepDefinitions.SearchStepDefinitions.user_clicks_on_search_button()&amp#27;[0m
  &amp#27;[32mThen &amp#27;[0m&amp#27;[32mResults should contain related items&amp#27;[0m &amp#27;[90m# stepDefinitions.SearchStepDefinitions.results_should_contain_related_items()&amp#27;[0m
]]></system-out>
    <system-err><![CDATA[Feb 16, 2026 8:21:27 PM org.openqa.selenium.devtools.CdpVersionFinder findNearestMatch
WARNING: Unable to find CDP implementation matching 144
Feb 16, 2026 8:21:27 PM org.openqa.selenium.chromium.ChromiumDriver lambda$new$5
WARNING: Unable to find version of CDP to use for 144.0.7559.133. You may need to include a dependency on a specific version of the CDP using something similar to `org.seleniumhq.selenium:selenium-devtools-v86:4.16.1` where the version ("v86") matches the version of the chromium-based browser you're using and the version number of the artifact is the same as Selenium's.
]]></system-err>
  </testcase>
  <testcase name="Search with non existing keyword" classname="Search functionality" time="4.089">
    <system-out><![CDATA[
Scenario: Search with non existing keyword    &amp#27;[90m# src/test/resourcess/features/Search.feature:10&amp#27;[0m
  &amp#27;[32mGiven &amp#27;[0m&amp#27;[32mUser is on the Home page&amp#27;[0m              &amp#27;[90m# stepDefinitions.SearchStepDefinitions.user_is_on_the_home_page()&amp#27;[0m
  &amp#27;[32mWhen &amp#27;[0m&amp#27;[32mUser enters search keyword &amp#27;[0m&amp#27;[32m&amp#27;[1m"abcdef123"&amp#27;[0m &amp#27;[90m# stepDefinitions.SearchStepDefinitions.user_enters_search_keyword(java.lang.String)&amp#27;[0m
  &amp#27;[32mAnd &amp#27;[0m&amp#27;[32mUser clicks on Search button&amp#27;[0m            &amp#27;[90m# stepDefinitions.SearchStepDefinitions.user_clicks_on_search_button()&amp#27;[0m
  &amp#27;[32mThen &amp#27;[0m&amp#27;[32mNo results message should be displayed&amp#27;[0m &amp#27;[90m# stepDefinitions.SearchStepDefinitions.no_results_message_should_be_displayed()&amp#27;[0m
]]></system-out>
    <system-err><![CDATA[Feb 16, 2026 8:21:32 PM org.openqa.selenium.devtools.CdpVersionFinder findNearestMatch
WARNING: Unable to find CDP implementation matching 144
Feb 16, 2026 8:21:32 PM org.openqa.selenium.chromium.ChromiumDriver lambda$new$5
WARNING: Unable to find version of CDP to use for 144.0.7559.133. You may need to include a dependency on a specific version of the CDP using something similar to `org.seleniumhq.selenium:selenium-devtools-v86:4.16.1` where the version ("v86") matches the version of the chromium-based browser you're using and the version number of the artifact is the same as Selenium's.
]]></system-err>
  </testcase>
  <testcase name="Search with empty keyword" classname="Search functionality" time="3.6">
    <system-out><![CDATA[
Scenario: Search with empty keyword                               &amp#27;[90m# src/test/resourcess/features/Search.feature:16&amp#27;[0m
  &amp#27;[32mGiven &amp#27;[0m&amp#27;[32mUser is on the Home page&amp#27;[0m                                  &amp#27;[90m# stepDefinitions.SearchStepDefinitions.user_is_on_the_home_page()&amp#27;[0m
  &amp#27;[32mWhen &amp#27;[0m&amp#27;[32mUser dont enter any product name into the search box field&amp#27;[0m &amp#27;[90m# stepDefinitions.SearchStepDefinitions.User_dont_enter_any_product_name_into_the_search_box_field()&amp#27;[0m
  &amp#27;[32mAnd &amp#27;[0m&amp#27;[32mUser clicks on Search button&amp#27;[0m                                &amp#27;[90m# stepDefinitions.SearchStepDefinitions.user_clicks_on_search_button()&amp#27;[0m
  &amp#27;[32mThen &amp#27;[0m&amp#27;[32mValidation message should be displayed&amp#27;[0m                     &amp#27;[90m# stepDefinitions.SearchStepDefinitions.validation_message_should_be_displayed_as()&amp#27;[0m
]]></system-out>
    <system-err><![CDATA[Feb 16, 2026 8:21:36 PM org.openqa.selenium.devtools.CdpVersionFinder findNearestMatch
WARNING: Unable to find CDP implementation matching 144
Feb 16, 2026 8:21:36 PM org.openqa.selenium.chromium.ChromiumDriver lambda$new$5
WARNING: Unable to find version of CDP to use for 144.0.7559.133. You may need to include a dependency on a specific version of the CDP using something similar to `org.seleniumhq.selenium:selenium-devtools-v86:4.16.1` where the version ("v86") matches the version of the chromium-based browser you're using and the version number of the artifact is the same as Selenium's.
]]></system-err>
  </testcase>
</testsuite>